2024-05-26T18:32:38.265+03:00  INFO 22480 --- [main] m.c.l.LibraryManagementSystemApplication : Starting LibraryManagementSystemApplication using Java 17.0.5 with PID 22480 (C:\Users\user\IdeaProjects\LibraryManagementSystem\target\classes started by user in C:\Users\user\IdeaProjects\LibraryManagementSystem)
2024-05-26T18:32:38.270+03:00 DEBUG 22480 --- [main] m.c.l.LibraryManagementSystemApplication : Running with Spring Boot v3.0.6, Spring v6.0.8
2024-05-26T18:32:38.272+03:00  INFO 22480 --- [main] m.c.l.LibraryManagementSystemApplication : No active profile set, falling back to 1 default profile: "default"
2024-05-26T18:32:39.776+03:00  INFO 22480 --- [main] .s.d.r.c.RepositoryConfigurationDelegate : Bootstrapping Spring Data JPA repositories in DEFAULT mode.
2024-05-26T18:32:39.936+03:00  INFO 22480 --- [main] .s.d.r.c.RepositoryConfigurationDelegate : Finished Spring Data repository scanning in 141 ms. Found 3 JPA repository interfaces.
2024-05-26T18:32:41.182+03:00  INFO 22480 --- [main] o.s.b.w.embedded.tomcat.TomcatWebServer  : Tomcat initialized with port(s): 2205 (http)
2024-05-26T18:32:41.196+03:00  INFO 22480 --- [main] o.apache.catalina.core.StandardService   : Starting service [Tomcat]
2024-05-26T18:32:41.196+03:00  INFO 22480 --- [main] o.apache.catalina.core.StandardEngine    : Starting Servlet engine: [Apache Tomcat/10.1.8]
2024-05-26T18:32:41.338+03:00  INFO 22480 --- [main] o.a.c.c.C.[Tomcat].[localhost].[/]       : Initializing Spring embedded WebApplicationContext
2024-05-26T18:32:41.338+03:00  INFO 22480 --- [main] w.s.c.ServletWebServerApplicationContext : Root WebApplicationContext: initialization completed in 2958 ms
2024-05-26T18:32:41.560+03:00  INFO 22480 --- [main] o.hibernate.jpa.internal.util.LogHelper  : HHH000204: Processing PersistenceUnitInfo [name: default]
2024-05-26T18:32:41.634+03:00  INFO 22480 --- [main] org.hibernate.Version                    : HHH000412: Hibernate ORM core version 6.1.7.Final
2024-05-26T18:32:41.994+03:00  INFO 22480 --- [main] com.zaxxer.hikari.HikariDataSource       : HikariPool-1 - Starting...
2024-05-26T18:32:42.471+03:00  INFO 22480 --- [main] com.zaxxer.hikari.pool.HikariPool        : HikariPool-1 - Added connection com.mysql.cj.jdbc.ConnectionImpl@7adae08e
2024-05-26T18:32:42.474+03:00  INFO 22480 --- [main] com.zaxxer.hikari.HikariDataSource       : HikariPool-1 - Start completed.
2024-05-26T18:32:42.498+03:00  INFO 22480 --- [main] SQL dialect                              : HHH000400: Using dialect: org.hibernate.dialect.MySQL8Dialect
2024-05-26T18:32:42.500+03:00  WARN 22480 --- [main] org.hibernate.orm.deprecation            : HHH90000026: MySQL8Dialect has been deprecated; use org.hibernate.dialect.MySQLDialect instead
2024-05-26T18:32:43.913+03:00  INFO 22480 --- [main] o.h.e.t.j.p.i.JtaPlatformInitiator       : HHH000490: Using JtaPlatform implementation: [org.hibernate.engine.transaction.jta.platform.internal.NoJtaPlatform]
2024-05-26T18:32:43.930+03:00  INFO 22480 --- [main] j.LocalContainerEntityManagerFactoryBean : Initialized JPA EntityManagerFactory for persistence unit 'default'
2024-05-26T18:32:44.427+03:00 DEBUG 22480 --- [main] c.m.c.l.security.JwtFilter               : Filter 'jwtFilter' configured for use
2024-05-26T18:32:44.948+03:00  WARN 22480 --- [main] JpaBaseConfiguration$JpaWebConfiguration : spring.jpa.open-in-view is enabled by default. Therefore, database queries may be performed during view rendering. Explicitly configure spring.jpa.open-in-view to disable this warning
2024-05-26T18:32:45.394+03:00  INFO 22480 --- [main] o.s.s.web.DefaultSecurityFilterChain     : Will secure any request with [org.springframework.security.web.session.DisableEncodeUrlFilter@5c59dfc7, org.springframework.security.web.context.request.async.WebAsyncManagerIntegrationFilter@40ed4674, org.springframework.security.web.context.SecurityContextHolderFilter@19834eb7, org.springframework.security.web.header.HeaderWriterFilter@5aec151b, org.springframework.security.web.authentication.logout.LogoutFilter@294ebdae, com.maids.cc.librarymanagementsystem.security.JwtFilter@7be6dabb, org.springframework.security.web.savedrequest.RequestCacheAwareFilter@5dc8448b, org.springframework.security.web.servletapi.SecurityContextHolderAwareRequestFilter@30259c61, org.springframework.security.web.authentication.AnonymousAuthenticationFilter@2ef63b6d, org.springframework.security.web.session.SessionManagementFilter@445f6aa7, org.springframework.security.web.access.ExceptionTranslationFilter@1a59500b, org.springframework.security.web.access.intercept.AuthorizationFilter@d62feaf]
2024-05-26T18:32:45.784+03:00  INFO 22480 --- [main] o.s.b.w.embedded.tomcat.TomcatWebServer  : Tomcat started on port(s): 2205 (http) with context path ''
2024-05-26T18:32:45.797+03:00  INFO 22480 --- [main] m.c.l.LibraryManagementSystemApplication : Started LibraryManagementSystemApplication in 8.593 seconds (process running for 10.059)
2024-05-26T18:34:24.845+03:00  INFO 22480 --- [http-nio-2205-exec-2] o.a.c.c.C.[Tomcat].[localhost].[/]       : Initializing Spring DispatcherServlet 'dispatcherServlet'
2024-05-26T18:34:24.846+03:00  INFO 22480 --- [http-nio-2205-exec-2] o.s.web.servlet.DispatcherServlet        : Initializing Servlet 'dispatcherServlet'
2024-05-26T18:34:24.849+03:00  INFO 22480 --- [http-nio-2205-exec-2] o.s.web.servlet.DispatcherServlet        : Completed initialization in 2 ms
2024-05-26T18:34:25.116+03:00  INFO 22480 --- [http-nio-2205-exec-2] c.m.c.l.logging.LoggingAspect            : Method invoked : ClassName = class com.maids.cc.librarymanagementsystem.patron.service.PatronServiceImpl: MethodName = login: methodArguments = [LoginRequest(emailAddress=adebolexsewa@gmail.com, password=Arowolo@97)]
2024-05-26T18:34:25.552+03:00  INFO 22480 --- [http-nio-2205-exec-2] c.m.c.l.logging.LoggingAspect            : Method invoked : ClassName = class com.maids.cc.librarymanagementsystem.patron.service.PatronServiceImpl: MethodName = login: methodResponse = LoginResponse(message=Login successful!!, loginToken=eyJhbGciOiJIUzI1NiJ9.eyJzdWIiOiJhZGVib2xleHNld2FAZ21haWwuY29tIiwiaWF0IjoxNzE2NzM3NjY1LCJleHAiOjE3MTY3Mzk0NjV9.4EkXKeK18plhz8c6fZPlH-GrrrA7_j5mdCllmkZGdV8)
2024-05-26T18:34:25.552+03:00  INFO 22480 --- [http-nio-2205-exec-2] c.m.c.l.logging.LoggingAspect            : login executed in 0ms
2024-05-26T18:35:15.105+03:00  INFO 22480 --- [SpringApplicationShutdownHook] j.LocalContainerEntityManagerFactoryBean : Closing JPA EntityManagerFactory for persistence unit 'default'
2024-05-26T18:35:15.109+03:00  INFO 22480 --- [SpringApplicationShutdownHook] com.zaxxer.hikari.HikariDataSource       : HikariPool-1 - Shutdown initiated...
2024-05-26T18:35:15.122+03:00  INFO 22480 --- [SpringApplicationShutdownHook] com.zaxxer.hikari.HikariDataSource       : HikariPool-1 - Shutdown completed.
